[0.118s] DEBUG:colcon:Command line arguments: ['/usr/bin/colcon', 'build']
[0.118s] DEBUG:colcon:Parsed command line arguments: Namespace(allow_overriding=[], ament_cmake_args=None, base_paths=['.'], build_base='build', catkin_cmake_args=None, catkin_skip_building_tests=False, cmake_args=None, cmake_clean_cache=False, cmake_clean_first=False, cmake_force_configure=False, cmake_target=None, cmake_target_skip_unavailable=False, continue_on_error=False, event_handlers=None, executor='parallel', ignore_user_meta=False, install_base='install', log_base=None, log_level=None, main=<bound method BuildVerb.main of <colcon_core.verb.build.BuildVerb object at 0x7f79c1609be0>>, merge_install=False, metas=['./colcon.meta'], packages_above=None, packages_above_and_dependencies=None, packages_above_depth=None, packages_end=None, packages_ignore=None, packages_ignore_regex=None, packages_select=None, packages_select_build_failed=False, packages_select_by_dep=None, packages_select_regex=None, packages_select_test_failures=False, packages_skip=None, packages_skip_build_finished=False, packages_skip_by_dep=None, packages_skip_regex=None, packages_skip_test_passed=False, packages_skip_up_to=None, packages_start=None, packages_up_to=None, packages_up_to_regex=None, parallel_workers=12, paths=None, symlink_install=False, test_result_base=None, verb_extension=<colcon_core.verb.build.BuildVerb object at 0x7f79c1609be0>, verb_name='build', verb_parser=<colcon_defaults.argument_parser.defaults.DefaultArgumentsDecorator object at 0x7f79c161a070>)
[0.212s] Level 1:colcon.colcon_core.package_discovery:discover_packages(colcon_meta) check parameters
[0.213s] Level 1:colcon.colcon_core.package_discovery:discover_packages(recursive) check parameters
[0.213s] Level 1:colcon.colcon_core.package_discovery:discover_packages(ignore) check parameters
[0.213s] Level 1:colcon.colcon_core.package_discovery:discover_packages(path) check parameters
[0.213s] Level 1:colcon.colcon_core.package_discovery:discover_packages(colcon_meta) discover
[0.213s] Level 1:colcon.colcon_core.package_discovery:discover_packages(recursive) discover
[0.213s] INFO:colcon.colcon_core.package_discovery:Crawling recursively for packages in '/home/leonard/peak_cam_docker_container/peak_cam'
[0.213s] Level 1:colcon.colcon_core.package_identification:_identify(.) by extensions ['ignore', 'ignore_ament_install']
[0.213s] Level 1:colcon.colcon_core.package_identification:_identify(.) by extension 'ignore'
[0.213s] Level 1:colcon.colcon_core.package_identification:_identify(.) by extension 'ignore_ament_install'
[0.213s] Level 1:colcon.colcon_core.package_identification:_identify(.) by extensions ['colcon_pkg']
[0.213s] Level 1:colcon.colcon_core.package_identification:_identify(.) by extension 'colcon_pkg'
[0.213s] Level 1:colcon.colcon_core.package_identification:_identify(.) by extensions ['colcon_meta']
[0.213s] Level 1:colcon.colcon_core.package_identification:_identify(.) by extension 'colcon_meta'
[0.213s] Level 1:colcon.colcon_core.package_identification:_identify(.) by extensions ['ros']
[0.213s] Level 1:colcon.colcon_core.package_identification:_identify(.) by extension 'ros'
[0.225s] DEBUG:colcon.colcon_core.package_identification:Package '.' with type 'ros.ament_cmake' and name 'peak_cam'
[0.225s] Level 1:colcon.colcon_core.package_discovery:discover_packages(recursive) using defaults
[0.225s] Level 1:colcon.colcon_core.package_discovery:discover_packages(ignore) discover
[0.225s] Level 1:colcon.colcon_core.package_discovery:discover_packages(ignore) using defaults
[0.225s] Level 1:colcon.colcon_core.package_discovery:discover_packages(path) discover
[0.225s] Level 1:colcon.colcon_core.package_discovery:discover_packages(path) using defaults
[0.236s] Level 1:colcon.colcon_core.package_discovery:discover_packages(prefix_path) check parameters
[0.236s] Level 1:colcon.colcon_core.package_discovery:discover_packages(prefix_path) discover
[0.238s] DEBUG:colcon.colcon_installed_package_information.package_discovery:Found 258 installed packages in /opt/ros/foxy
[0.239s] Level 1:colcon.colcon_core.package_discovery:discover_packages(prefix_path) using defaults
[0.290s] Level 5:colcon.colcon_core.verb:set package 'peak_cam' build argument 'cmake_args' from command line to 'None'
[0.290s] Level 5:colcon.colcon_core.verb:set package 'peak_cam' build argument 'cmake_target' from command line to 'None'
[0.290s] Level 5:colcon.colcon_core.verb:set package 'peak_cam' build argument 'cmake_target_skip_unavailable' from command line to 'False'
[0.290s] Level 5:colcon.colcon_core.verb:set package 'peak_cam' build argument 'cmake_clean_cache' from command line to 'False'
[0.290s] Level 5:colcon.colcon_core.verb:set package 'peak_cam' build argument 'cmake_clean_first' from command line to 'False'
[0.290s] Level 5:colcon.colcon_core.verb:set package 'peak_cam' build argument 'cmake_force_configure' from command line to 'False'
[0.290s] Level 5:colcon.colcon_core.verb:set package 'peak_cam' build argument 'ament_cmake_args' from command line to 'None'
[0.290s] Level 5:colcon.colcon_core.verb:set package 'peak_cam' build argument 'catkin_cmake_args' from command line to 'None'
[0.290s] Level 5:colcon.colcon_core.verb:set package 'peak_cam' build argument 'catkin_skip_building_tests' from command line to 'False'
[0.291s] DEBUG:colcon.colcon_core.verb:Building package 'peak_cam' with the following arguments: {'ament_cmake_args': None, 'build_base': '/home/leonard/peak_cam_docker_container/peak_cam/build/peak_cam', 'catkin_cmake_args': None, 'catkin_skip_building_tests': False, 'cmake_args': None, 'cmake_clean_cache': False, 'cmake_clean_first': False, 'cmake_force_configure': False, 'cmake_target': None, 'cmake_target_skip_unavailable': False, 'install_base': '/home/leonard/peak_cam_docker_container/peak_cam/install/peak_cam', 'merge_install': False, 'path': '/home/leonard/peak_cam_docker_container/peak_cam', 'symlink_install': False, 'test_result_base': None}
[0.291s] INFO:colcon.colcon_core.executor:Executing jobs using 'parallel' executor
[0.292s] DEBUG:colcon.colcon_parallel_executor.executor.parallel:run_until_complete
[0.292s] INFO:colcon.colcon_ros.task.ament_cmake.build:Building ROS package in '/home/leonard/peak_cam_docker_container/peak_cam' with build type 'ament_cmake'
[0.292s] INFO:colcon.colcon_cmake.task.cmake.build:Building CMake package in '/home/leonard/peak_cam_docker_container/peak_cam'
[0.293s] INFO:colcon.colcon_core.plugin_system:Skipping extension 'colcon_core.shell.bat': Not used on non-Windows systems
[0.293s] INFO:colcon.colcon_core.shell:Skip shell extension 'powershell' for command environment: Not usable outside of PowerShell
[0.293s] DEBUG:colcon.colcon_core.shell:Skip shell extension 'dsv' for command environment
[0.303s] DEBUG:colcon.colcon_core.event_handler.log_command:Invoking command in '/home/leonard/peak_cam_docker_container/peak_cam/build/peak_cam': CMAKE_PREFIX_PATH=/opt/ros/foxy /usr/bin/cmake --build /home/leonard/peak_cam_docker_container/peak_cam/build/peak_cam -- -j12 -l12
[17.020s] DEBUG:colcon.colcon_core.event_handler.log_command:Invoked command in '/home/leonard/peak_cam_docker_container/peak_cam/build/peak_cam' returned '0': CMAKE_PREFIX_PATH=/opt/ros/foxy /usr/bin/cmake --build /home/leonard/peak_cam_docker_container/peak_cam/build/peak_cam -- -j12 -l12
[17.075s] DEBUG:colcon.colcon_core.event_handler.log_command:Invoking command in '/home/leonard/peak_cam_docker_container/peak_cam/build/peak_cam': CMAKE_PREFIX_PATH=/opt/ros/foxy /usr/bin/cmake --install /home/leonard/peak_cam_docker_container/peak_cam/build/peak_cam
[17.095s] Level 1:colcon.colcon_core.environment:create_environment_scripts_only(peak_cam)
[17.095s] DEBUG:colcon.colcon_core.event_handler.log_command:Invoked command in '/home/leonard/peak_cam_docker_container/peak_cam/build/peak_cam' returned '0': CMAKE_PREFIX_PATH=/opt/ros/foxy /usr/bin/cmake --install /home/leonard/peak_cam_docker_container/peak_cam/build/peak_cam
[17.097s] Level 1:colcon.colcon_core.environment:checking '/home/leonard/peak_cam_docker_container/peak_cam/install/peak_cam' for CMake module files
[17.098s] Level 1:colcon.colcon_core.environment:checking '/home/leonard/peak_cam_docker_container/peak_cam/install/peak_cam' for CMake config files
[17.098s] Level 1:colcon.colcon_core.shell:create_environment_hook('peak_cam', 'cmake_prefix_path')
[17.099s] INFO:colcon.colcon_core.shell:Creating environment hook '/home/leonard/peak_cam_docker_container/peak_cam/install/peak_cam/share/peak_cam/hook/cmake_prefix_path.ps1'
[17.099s] INFO:colcon.colcon_core.shell:Creating environment descriptor '/home/leonard/peak_cam_docker_container/peak_cam/install/peak_cam/share/peak_cam/hook/cmake_prefix_path.dsv'
[17.100s] INFO:colcon.colcon_core.shell:Creating environment hook '/home/leonard/peak_cam_docker_container/peak_cam/install/peak_cam/share/peak_cam/hook/cmake_prefix_path.sh'
[17.100s] Level 1:colcon.colcon_core.environment:checking '/home/leonard/peak_cam_docker_container/peak_cam/install/peak_cam/lib'
[17.100s] Level 1:colcon.colcon_core.shell:create_environment_hook('peak_cam', 'ld_library_path_lib')
[17.101s] INFO:colcon.colcon_core.shell:Creating environment hook '/home/leonard/peak_cam_docker_container/peak_cam/install/peak_cam/share/peak_cam/hook/ld_library_path_lib.ps1'
[17.101s] INFO:colcon.colcon_core.shell:Creating environment descriptor '/home/leonard/peak_cam_docker_container/peak_cam/install/peak_cam/share/peak_cam/hook/ld_library_path_lib.dsv'
[17.101s] INFO:colcon.colcon_core.shell:Creating environment hook '/home/leonard/peak_cam_docker_container/peak_cam/install/peak_cam/share/peak_cam/hook/ld_library_path_lib.sh'
[17.101s] Level 1:colcon.colcon_core.environment:checking '/home/leonard/peak_cam_docker_container/peak_cam/install/peak_cam/bin'
[17.101s] Level 1:colcon.colcon_core.environment:checking '/home/leonard/peak_cam_docker_container/peak_cam/install/peak_cam/lib/pkgconfig/peak_cam.pc'
[17.102s] Level 1:colcon.colcon_core.environment:checking '/home/leonard/peak_cam_docker_container/peak_cam/install/peak_cam/lib/python3.8/site-packages'
[17.102s] Level 1:colcon.colcon_core.environment:checking '/home/leonard/peak_cam_docker_container/peak_cam/install/peak_cam/bin'
[17.102s] INFO:colcon.colcon_core.shell:Creating package script '/home/leonard/peak_cam_docker_container/peak_cam/install/peak_cam/share/peak_cam/package.ps1'
[17.103s] INFO:colcon.colcon_core.shell:Creating package descriptor '/home/leonard/peak_cam_docker_container/peak_cam/install/peak_cam/share/peak_cam/package.dsv'
[17.103s] INFO:colcon.colcon_core.shell:Creating package script '/home/leonard/peak_cam_docker_container/peak_cam/install/peak_cam/share/peak_cam/package.sh'
[17.104s] INFO:colcon.colcon_core.shell:Creating package script '/home/leonard/peak_cam_docker_container/peak_cam/install/peak_cam/share/peak_cam/package.bash'
[17.105s] INFO:colcon.colcon_core.shell:Creating package script '/home/leonard/peak_cam_docker_container/peak_cam/install/peak_cam/share/peak_cam/package.zsh'
[17.105s] Level 1:colcon.colcon_core.environment:create_file_with_runtime_dependencies(/home/leonard/peak_cam_docker_container/peak_cam/install/peak_cam/share/colcon-core/packages/peak_cam)
[17.141s] Level 1:colcon.colcon_core.environment:create_environment_scripts_only(peak_cam)
[17.142s] Level 1:colcon.colcon_core.environment:checking '/home/leonard/peak_cam_docker_container/peak_cam/install/peak_cam' for CMake module files
[17.143s] Level 1:colcon.colcon_core.environment:checking '/home/leonard/peak_cam_docker_container/peak_cam/install/peak_cam' for CMake config files
[17.143s] Level 1:colcon.colcon_core.shell:create_environment_hook('peak_cam', 'cmake_prefix_path')
[17.144s] INFO:colcon.colcon_core.shell:Creating environment hook '/home/leonard/peak_cam_docker_container/peak_cam/install/peak_cam/share/peak_cam/hook/cmake_prefix_path.ps1'
[17.145s] INFO:colcon.colcon_core.shell:Creating environment descriptor '/home/leonard/peak_cam_docker_container/peak_cam/install/peak_cam/share/peak_cam/hook/cmake_prefix_path.dsv'
[17.145s] INFO:colcon.colcon_core.shell:Creating environment hook '/home/leonard/peak_cam_docker_container/peak_cam/install/peak_cam/share/peak_cam/hook/cmake_prefix_path.sh'
[17.146s] Level 1:colcon.colcon_core.environment:checking '/home/leonard/peak_cam_docker_container/peak_cam/install/peak_cam/lib'
[17.147s] Level 1:colcon.colcon_core.shell:create_environment_hook('peak_cam', 'ld_library_path_lib')
[17.147s] INFO:colcon.colcon_core.shell:Creating environment hook '/home/leonard/peak_cam_docker_container/peak_cam/install/peak_cam/share/peak_cam/hook/ld_library_path_lib.ps1'
[17.148s] INFO:colcon.colcon_core.shell:Creating environment descriptor '/home/leonard/peak_cam_docker_container/peak_cam/install/peak_cam/share/peak_cam/hook/ld_library_path_lib.dsv'
[17.148s] INFO:colcon.colcon_core.shell:Creating environment hook '/home/leonard/peak_cam_docker_container/peak_cam/install/peak_cam/share/peak_cam/hook/ld_library_path_lib.sh'
[17.149s] Level 1:colcon.colcon_core.environment:checking '/home/leonard/peak_cam_docker_container/peak_cam/install/peak_cam/bin'
[17.149s] Level 1:colcon.colcon_core.environment:checking '/home/leonard/peak_cam_docker_container/peak_cam/install/peak_cam/lib/pkgconfig/peak_cam.pc'
[17.149s] Level 1:colcon.colcon_core.environment:checking '/home/leonard/peak_cam_docker_container/peak_cam/install/peak_cam/lib/python3.8/site-packages'
[17.149s] Level 1:colcon.colcon_core.environment:checking '/home/leonard/peak_cam_docker_container/peak_cam/install/peak_cam/bin'
[17.150s] INFO:colcon.colcon_core.shell:Creating package script '/home/leonard/peak_cam_docker_container/peak_cam/install/peak_cam/share/peak_cam/package.ps1'
[17.150s] INFO:colcon.colcon_core.shell:Creating package descriptor '/home/leonard/peak_cam_docker_container/peak_cam/install/peak_cam/share/peak_cam/package.dsv'
[17.150s] INFO:colcon.colcon_core.shell:Creating package script '/home/leonard/peak_cam_docker_container/peak_cam/install/peak_cam/share/peak_cam/package.sh'
[17.150s] INFO:colcon.colcon_core.shell:Creating package script '/home/leonard/peak_cam_docker_container/peak_cam/install/peak_cam/share/peak_cam/package.bash'
[17.151s] INFO:colcon.colcon_core.shell:Creating package script '/home/leonard/peak_cam_docker_container/peak_cam/install/peak_cam/share/peak_cam/package.zsh'
[17.151s] Level 1:colcon.colcon_core.environment:create_file_with_runtime_dependencies(/home/leonard/peak_cam_docker_container/peak_cam/install/peak_cam/share/colcon-core/packages/peak_cam)
[17.151s] DEBUG:colcon.colcon_parallel_executor.executor.parallel:closing loop
[17.151s] DEBUG:colcon.colcon_parallel_executor.executor.parallel:loop closed
[17.151s] DEBUG:colcon.colcon_parallel_executor.executor.parallel:run_until_complete finished with '0'
[17.151s] DEBUG:colcon.colcon_core.event_reactor:joining thread
[17.159s] INFO:colcon.colcon_core.plugin_system:Skipping extension 'colcon_notification.desktop_notification.terminal_notifier': Not used on non-Darwin systems
[17.159s] INFO:colcon.colcon_core.plugin_system:Skipping extension 'colcon_notification.desktop_notification.win32': Not used on non-Windows systems
[17.159s] INFO:colcon.colcon_notification.desktop_notification:Sending desktop notification using 'notify2'
[17.188s] DEBUG:colcon.colcon_core.event_reactor:joined thread
[17.188s] INFO:colcon.colcon_core.shell:Creating prefix script '/home/leonard/peak_cam_docker_container/peak_cam/install/local_setup.ps1'
[17.189s] INFO:colcon.colcon_core.shell:Creating prefix util module '/home/leonard/peak_cam_docker_container/peak_cam/install/_local_setup_util_ps1.py'
[17.190s] INFO:colcon.colcon_core.shell:Creating prefix chain script '/home/leonard/peak_cam_docker_container/peak_cam/install/setup.ps1'
[17.190s] INFO:colcon.colcon_core.shell:Creating prefix script '/home/leonard/peak_cam_docker_container/peak_cam/install/local_setup.sh'
[17.191s] INFO:colcon.colcon_core.shell:Creating prefix util module '/home/leonard/peak_cam_docker_container/peak_cam/install/_local_setup_util_sh.py'
[17.191s] INFO:colcon.colcon_core.shell:Creating prefix chain script '/home/leonard/peak_cam_docker_container/peak_cam/install/setup.sh'
[17.193s] INFO:colcon.colcon_core.shell:Creating prefix script '/home/leonard/peak_cam_docker_container/peak_cam/install/local_setup.bash'
[17.193s] INFO:colcon.colcon_core.shell:Creating prefix chain script '/home/leonard/peak_cam_docker_container/peak_cam/install/setup.bash'
[17.194s] INFO:colcon.colcon_core.shell:Creating prefix script '/home/leonard/peak_cam_docker_container/peak_cam/install/local_setup.zsh'
[17.195s] INFO:colcon.colcon_core.shell:Creating prefix chain script '/home/leonard/peak_cam_docker_container/peak_cam/install/setup.zsh'
