[0.007s] Invoking command in '/home/leonard/peak_cam_docker_container/peak_cam/build/peak_cam': CMAKE_PREFIX_PATH=/opt/ros/foxy /usr/bin/cmake /home/leonard/peak_cam_docker_container/peak_cam -DCMAKE_INSTALL_PREFIX=/home/leonard/peak_cam_docker_container/peak_cam/install/peak_cam
[0.123s] -- The C compiler identification is GNU 9.4.0
[0.185s] -- The CXX compiler identification is GNU 9.4.0
[0.193s] -- Check for working C compiler: /usr/bin/cc
[0.271s] -- Check for working C compiler: /usr/bin/cc -- works
[0.273s] -- Detecting C compiler ABI info
[0.370s] -- Detecting C compiler ABI info - done
[0.382s] -- Detecting C compile features
[0.382s] -- Detecting C compile features - done
[0.384s] -- Check for working CXX compiler: /usr/bin/c++
[0.482s] -- Check for working CXX compiler: /usr/bin/c++ -- works
[0.483s] -- Detecting CXX compiler ABI info
[0.569s] -- Detecting CXX compiler ABI info - done
[0.578s] -- Detecting CXX compile features
[0.579s] -- Detecting CXX compile features - done
[0.581s] -- Found ament_cmake_auto: 0.9.12 (/opt/ros/foxy/share/ament_cmake_auto/cmake)
[0.609s] -- Found PythonInterp: /usr/bin/python3 (found suitable version "3.8.10", minimum required is "3") 
[0.609s] -- Using PYTHON_EXECUTABLE: /usr/bin/python3
[0.847s] -- Using all available rosidl_typesupport_c: rosidl_typesupport_fastrtps_c;rosidl_typesupport_introspection_c
[0.853s] -- Found rosidl_adapter: 1.3.1 (/opt/ros/foxy/share/rosidl_adapter/cmake)
[0.959s] -- Found OpenSSL: /usr/lib/x86_64-linux-gnu/libcrypto.so (found version "1.1.1f")  
[0.983s] -- Found FastRTPS: /opt/ros/foxy/include  
[1.046s] -- Using all available rosidl_typesupport_cpp: rosidl_typesupport_fastrtps_cpp;rosidl_typesupport_introspection_cpp
[1.089s] -- Found rmw_implementation_cmake: 1.0.4 (/opt/ros/foxy/share/rmw_implementation_cmake/cmake)
[1.091s] -- Using RMW implementation 'rmw_fastrtps_cpp' as default
[1.092s] -- Looking for pthread.h
[1.187s] -- Looking for pthread.h - found
[1.188s] -- Performing Test CMAKE_HAVE_LIBC_PTHREAD
[1.281s] -- Performing Test CMAKE_HAVE_LIBC_PTHREAD - Failed
[1.281s] -- Looking for pthread_create in pthreads
[1.355s] -- Looking for pthread_create in pthreads - not found
[1.356s] -- Looking for pthread_create in pthread
[1.443s] -- Looking for pthread_create in pthread - found
[1.445s] -- Found Threads: TRUE  
[1.745s] CMake Error at CMakeLists.txt:16 (find_package):
[1.745s]   By not providing "Findids_peak.cmake" in CMAKE_MODULE_PATH this project has
[1.745s]   asked CMake to find a package configuration file provided by "ids_peak",
[1.745s]   but CMake did not find one.
[1.745s] 
[1.745s]   Could not find a package configuration file provided by "ids_peak" with any
[1.745s]   of the following names:
[1.745s] 
[1.745s]     ids_peakConfig.cmake
[1.745s]     ids_peak-config.cmake
[1.746s] 
[1.746s]   Add the installation prefix of "ids_peak" to CMAKE_PREFIX_PATH or set
[1.746s]   "ids_peak_DIR" to a directory containing one of the above files.  If
[1.746s]   "ids_peak" provides a separate development package or SDK, be sure it has
[1.746s]   been installed.
[1.746s] 
[1.746s] 
[1.746s] -- Configuring incomplete, errors occurred!
[1.747s] See also "/home/leonard/peak_cam_docker_container/peak_cam/build/peak_cam/CMakeFiles/CMakeOutput.log".
[1.747s] See also "/home/leonard/peak_cam_docker_container/peak_cam/build/peak_cam/CMakeFiles/CMakeError.log".
[1.753s] Invoked command in '/home/leonard/peak_cam_docker_container/peak_cam/build/peak_cam' returned '1': CMAKE_PREFIX_PATH=/opt/ros/foxy /usr/bin/cmake /home/leonard/peak_cam_docker_container/peak_cam -DCMAKE_INSTALL_PREFIX=/home/leonard/peak_cam_docker_container/peak_cam/install/peak_cam
